  pch.cpp
  mpi-comunicare.cpp
c:\users\pati\desktop\univ\sem6\pp\proiect\sparsematrixmultiplication\mpi\mpi-produs\mpi-comunicare.cpp(21): warning C4244: 'argument': conversion from '__int64' to 'const unsigned int', possible loss of data
c:\users\pati\desktop\univ\sem6\pp\proiect\sparsematrixmultiplication\mpi\mpi-produs\mpi-comunicare.cpp(22): warning C4244: 'argument': conversion from '__int64' to 'const unsigned int', possible loss of data
c:\users\pati\desktop\univ\sem6\pp\proiect\sparsematrixmultiplication\mpi\mpi-produs\mpi-comunicare.cpp(23): warning C4244: 'argument': conversion from '__int64' to 'const unsigned int', possible loss of data
c:\users\pati\desktop\univ\sem6\pp\proiect\sparsematrixmultiplication\mpi\mpi-produs\mpi-comunicare.cpp(26): warning C4244: 'argument': conversion from '__int64' to 'int', possible loss of data
c:\users\pati\desktop\univ\sem6\pp\proiect\sparsematrixmultiplication\mpi\mpi-produs\mpi-comunicare.cpp(27): warning C4244: 'argument': conversion from '__int64' to 'int', possible loss of data
c:\users\pati\desktop\univ\sem6\pp\proiect\sparsematrixmultiplication\mpi\mpi-produs\mpi-comunicare.cpp(28): warning C4244: 'argument': conversion from '__int64' to 'int', possible loss of data
  mpi-produs.cpp
c:\users\pati\desktop\univ\sem6\pp\proiect\sparsematrixmultiplication\mpi\mpi-produs\mpi-produs.cpp(21): warning C4101: 'status': unreferenced local variable
  t.cpp
c:\users\pati\desktop\univ\sem6\pp\proiect\sparsematrixmultiplication\mpi\mpi-produs\t.cpp(67): warning C4473: 'fscanf_s' : not enough arguments passed for format string
  c:\users\pati\desktop\univ\sem6\pp\proiect\sparsematrixmultiplication\mpi\mpi-produs\t.cpp(67): note: placeholders and their parameters expect 2 variadic arguments, but 1 were provided
  c:\users\pati\desktop\univ\sem6\pp\proiect\sparsematrixmultiplication\mpi\mpi-produs\t.cpp(67): note: the missing variadic argument 2 is required by format string '%c'
  c:\users\pati\desktop\univ\sem6\pp\proiect\sparsematrixmultiplication\mpi\mpi-produs\t.cpp(67): note: this argument is used as a buffer size
c:\users\pati\desktop\univ\sem6\pp\proiect\sparsematrixmultiplication\mpi\mpi-produs\t.cpp(75): warning C4473: 'fscanf_s' : not enough arguments passed for format string
  c:\users\pati\desktop\univ\sem6\pp\proiect\sparsematrixmultiplication\mpi\mpi-produs\t.cpp(75): note: placeholders and their parameters expect 2 variadic arguments, but 1 were provided
  c:\users\pati\desktop\univ\sem6\pp\proiect\sparsematrixmultiplication\mpi\mpi-produs\t.cpp(75): note: the missing variadic argument 2 is required by format string '%c'
  c:\users\pati\desktop\univ\sem6\pp\proiect\sparsematrixmultiplication\mpi\mpi-produs\t.cpp(75): note: this argument is used as a buffer size
c:\users\pati\desktop\univ\sem6\pp\proiect\sparsematrixmultiplication\mpi\mpi-produs\t.cpp(161): warning C4302: 'type cast': truncation from 'void *' to 'char'
c:\users\pati\desktop\univ\sem6\pp\proiect\sparsematrixmultiplication\mpi\mpi-produs\t.cpp(168): warning C4302: 'type cast': truncation from 'void *' to 'char'
c:\users\pati\desktop\univ\sem6\pp\proiect\sparsematrixmultiplication\mpi\mpi-produs\t.cpp(264): warning C4302: 'type cast': truncation from 'void *' to 'char'
c:\users\pati\desktop\univ\sem6\pp\proiect\sparsematrixmultiplication\mpi\mpi-produs\t.cpp(276): warning C4302: 'type cast': truncation from 'void *' to 'char'
c:\users\pati\desktop\univ\sem6\pp\proiect\sparsematrixmultiplication\mpi\mpi-produs\t.cpp(283): warning C4302: 'type cast': truncation from 'void *' to 'char'
c:\users\pati\desktop\univ\sem6\pp\proiect\sparsematrixmultiplication\mpi\mpi-produs\t.cpp(22): warning C4101: 'request': unreferenced local variable
  utils.cpp
c:\users\pati\desktop\univ\sem6\pp\proiect\sparsematrixmultiplication\mpi\mpi-produs\utils.cpp(38): warning C4244: 'argument': conversion from '__int64' to 'const unsigned int', possible loss of data
c:\users\pati\desktop\univ\sem6\pp\proiect\sparsematrixmultiplication\mpi\mpi-produs\utils.cpp(46): warning C4018: '<': signed/unsigned mismatch
c:\users\pati\desktop\univ\sem6\pp\proiect\sparsematrixmultiplication\mpi\mpi-produs\utils.cpp(49): warning C4018: '<': signed/unsigned mismatch
c:\users\pati\desktop\univ\sem6\pp\proiect\sparsematrixmultiplication\mpi\mpi-produs\utils.cpp(52): warning C4018: '<': signed/unsigned mismatch
c:\users\pati\desktop\univ\sem6\pp\proiect\sparsematrixmultiplication\mpi\mpi-produs\utils.cpp(66): warning C4244: 'argument': conversion from '__int64' to 'const unsigned int', possible loss of data
c:\users\pati\desktop\univ\sem6\pp\proiect\sparsematrixmultiplication\mpi\mpi-produs\utils.cpp(67): warning C4244: 'argument': conversion from '__int64' to 'const unsigned int', possible loss of data
c:\users\pati\desktop\univ\sem6\pp\proiect\sparsematrixmultiplication\mpi\mpi-produs\utils.cpp(70): warning C4244: 'argument': conversion from '__int64' to 'const unsigned int', possible loss of data
c:\users\pati\desktop\univ\sem6\pp\proiect\sparsematrixmultiplication\mpi\mpi-produs\utils.cpp(87): warning C4244: 'argument': conversion from '__int64' to 'const int', possible loss of data
c:\users\pati\desktop\univ\sem6\pp\proiect\sparsematrixmultiplication\mpi\mpi-produs\utils.cpp(88): warning C4244: 'argument': conversion from '__int64' to 'const int', possible loss of data
c:\users\pati\desktop\univ\sem6\pp\proiect\sparsematrixmultiplication\mpi\mpi-produs\utils.cpp(99): warning C4244: 'argument': conversion from '__int64' to 'const unsigned int', possible loss of data
c:\users\pati\desktop\univ\sem6\pp\proiect\sparsematrixmultiplication\mpi\mpi-produs\utils.cpp(100): warning C4244: 'argument': conversion from '__int64' to 'const unsigned int', possible loss of data
c:\users\pati\desktop\univ\sem6\pp\proiect\sparsematrixmultiplication\mpi\mpi-produs\utils.cpp(107): warning C4244: 'argument': conversion from '__int64' to 'const unsigned int', possible loss of data
c:\users\pati\desktop\univ\sem6\pp\proiect\sparsematrixmultiplication\mpi\mpi-produs\utils.cpp(109): warning C4244: 'argument': conversion from '__int64' to 'const unsigned int', possible loss of data
c:\users\pati\desktop\univ\sem6\pp\proiect\sparsematrixmultiplication\mpi\mpi-produs\utils.cpp(115): warning C4244: 'argument': conversion from '__int64' to 'const unsigned int', possible loss of data
c:\users\pati\desktop\univ\sem6\pp\proiect\sparsematrixmultiplication\mpi\mpi-produs\utils.cpp(119): warning C4244: 'argument': conversion from '__int64' to 'const unsigned int', possible loss of data
  Generating Code...
  mpi-produs.vcxproj -> C:\Users\pati\Desktop\UNIV\SEM6\PP\proiect\SparseMatrixMultiplication\Mpi\Debug\mpi-produs.exe
