c:\users\pati\desktop\univ\sem6\pp\proiect\sparsematrixsecvential\mpi-produs\debug\mpi-produs.pch
c:\users\pati\desktop\univ\sem6\pp\proiect\sparsematrixsecvential\mpi-produs\debug\vc141.pdb
c:\users\pati\desktop\univ\sem6\pp\proiect\sparsematrixsecvential\mpi-produs\debug\vc141.idb
c:\users\pati\desktop\univ\sem6\pp\proiect\sparsematrixsecvential\mpi-produs\debug\pch.obj
c:\users\pati\desktop\univ\sem6\pp\proiect\sparsematrixsecvential\mpi-produs\debug\secvential-produs.obj
c:\users\pati\desktop\univ\sem6\pp\proiect\sparsematrixmultiplication\mpi-produs\debug\mpi-produs.pch
c:\users\pati\desktop\univ\sem6\pp\proiect\sparsematrixmultiplication\mpi-produs\debug\vc141.pdb
c:\users\pati\desktop\univ\sem6\pp\proiect\sparsematrixmultiplication\mpi-produs\debug\vc141.idb
c:\users\pati\desktop\univ\sem6\pp\proiect\sparsematrixmultiplication\mpi-produs\debug\pch.obj
c:\users\pati\desktop\univ\sem6\pp\proiect\sparsematrixmultiplication\mpi-produs\debug\secvential-produs.obj
c:\users\pati\desktop\univ\sem6\pp\proiect\sparsematrixsecvential\debug\mpi-produs.exe
c:\users\pati\desktop\univ\sem6\pp\proiect\sparsematrixsecvential\debug\mpi-produs.ilk
c:\users\pati\desktop\univ\sem6\pp\proiect\sparsematrixsecvential\debug\mpi-produs.pdb
c:\users\pati\desktop\univ\sem6\pp\proiect\sparsematrixmultiplication\mpi-produs\debug\mpi-produs.obj
c:\users\pati\desktop\univ\sem6\pp\proiect\sparsematrixmultiplication\debug\mpi-produs.pdb
c:\users\pati\desktop\univ\sem6\pp\proiect\sparsematrixmultiplication\debug\mpi-produs.exe
c:\users\pati\desktop\univ\sem6\pp\proiect\sparsematrixmultiplication\debug\mpi-produs.ilk
c:\users\pati\desktop\univ\sem6\pp\proiect\sparsematrixmultiplication\mpi-produs\debug\mpi-produs.tlog\cl.command.1.tlog
c:\users\pati\desktop\univ\sem6\pp\proiect\sparsematrixmultiplication\mpi-produs\debug\mpi-produs.tlog\cl.read.1.tlog
c:\users\pati\desktop\univ\sem6\pp\proiect\sparsematrixmultiplication\mpi-produs\debug\mpi-produs.tlog\cl.write.1.tlog
c:\users\pati\desktop\univ\sem6\pp\proiect\sparsematrixmultiplication\mpi-produs\debug\mpi-produs.tlog\link.command.1.tlog
c:\users\pati\desktop\univ\sem6\pp\proiect\sparsematrixmultiplication\mpi-produs\debug\mpi-produs.tlog\link.read.1.tlog
c:\users\pati\desktop\univ\sem6\pp\proiect\sparsematrixmultiplication\mpi-produs\debug\mpi-produs.tlog\link.write.1.tlog
